#! /c/Source/iverilog-install/bin/vvp
:ivl_version "12.0 (devel)" "(s20150603-1539-g2693dd32b)";
:ivl_delay_selection "TYPICAL";
:vpi_time_precision + 0;
:vpi_module "C:\PROGRA~1\iverilog\lib\ivl\system.vpi";
:vpi_module "C:\PROGRA~1\iverilog\lib\ivl\vhdl_sys.vpi";
:vpi_module "C:\PROGRA~1\iverilog\lib\ivl\vhdl_textio.vpi";
:vpi_module "C:\PROGRA~1\iverilog\lib\ivl\v2005_math.vpi";
:vpi_module "C:\PROGRA~1\iverilog\lib\ivl\va_math.vpi";
:vpi_module "C:\PROGRA~1\iverilog\lib\ivl\v2009.vpi";
S_000001d8e33cd100 .scope package, "$unit" "$unit" 2 1;
 .timescale 0 0;
S_000001d8e33dc600 .scope module, "stack_behaviour_tb" "stack_behaviour_tb" 3 8;
 .timescale 0 0;
v000001d8e33d3f40_0 .var "CLK", 0 0;
v000001d8e33d3fe0_0 .var "COMMAND", 1 0;
v000001d8e33d4080_0 .var "INDEX", 2 0;
v000001d8e33d4120_0 .var "I_DATA", 3 0;
v000001d8e33d41c0_0 .var/str "OUTCSV";
RS_000001d8e33ed048 .resolv tri, v000001d8e33d4120_0, v000001d8e33c8c50_0;
v000001d8e33d4850_0 .net8 "O_DATA", 3 0, RS_000001d8e33ed048;  2 drivers
v000001d8e33d4e90_0 .var "RESET", 0 0;
v000001d8e33d4a30_0 .var/i "TIMES", 31 0;
v000001d8e33d4cb0_0 .var/i "fd", 31 0;
v000001d8e33d43f0_0 .var/i "i", 31 0;
v000001d8e33d4670_0 .var/i "k", 31 0;
E_000001d8e33cbf30 .event anyedge, v000001d8e33a2d00_0;
S_000001d8e33dc790 .scope module, "_stack" "stack_behaviour_normal" 3 16, 4 1 0, S_000001d8e33dc600;
 .timescale 0 0;
    .port_info 0 /INOUT 4 "IO_DATA";
    .port_info 1 /INPUT 1 "RESET";
    .port_info 2 /INPUT 1 "CLK";
    .port_info 3 /INPUT 2 "COMMAND";
    .port_info 4 /INPUT 3 "INDEX";
v000001d8e33a2d00_0 .net "CLK", 0 0, v000001d8e33d3f40_0;  1 drivers
v000001d8e33a2910_0 .net "COMMAND", 1 0, v000001d8e33d3fe0_0;  1 drivers
v000001d8e33c92a0_0 .net "INDEX", 2 0, v000001d8e33d4080_0;  1 drivers
v000001d8e33cd290_0 .net8 "IO_DATA", 3 0, RS_000001d8e33ed048;  alias, 2 drivers
v000001d8e33dc920_0 .net "RESET", 0 0, v000001d8e33d4e90_0;  1 drivers
v000001d8e33dc9c0_0 .net *"_ivl_4", 0 0, L_000001d8e33d42b0;  1 drivers
v000001d8e33c8bb0_0 .var "header", 2 0;
v000001d8e33c8c50_0 .var "output_data", 3 0;
v000001d8e33d3ea0 .array "stack", 0 4, 3 0;
E_000001d8e33cb6b0/0 .event anyedge, v000001d8e33dc920_0, v000001d8e33a2d00_0, v000001d8e33a2910_0, v000001d8e33cd290_0;
v000001d8e33d3ea0_0 .array/port v000001d8e33d3ea0, 0;
v000001d8e33d3ea0_1 .array/port v000001d8e33d3ea0, 1;
v000001d8e33d3ea0_2 .array/port v000001d8e33d3ea0, 2;
E_000001d8e33cb6b0/1 .event anyedge, v000001d8e33c8bb0_0, v000001d8e33d3ea0_0, v000001d8e33d3ea0_1, v000001d8e33d3ea0_2;
v000001d8e33d3ea0_3 .array/port v000001d8e33d3ea0, 3;
v000001d8e33d3ea0_4 .array/port v000001d8e33d3ea0, 4;
E_000001d8e33cb6b0/2 .event anyedge, v000001d8e33d3ea0_3, v000001d8e33d3ea0_4, v000001d8e33c92a0_0;
E_000001d8e33cb6b0 .event/or E_000001d8e33cb6b0/0, E_000001d8e33cb6b0/1, E_000001d8e33cb6b0/2;
E_000001d8e33cb730 .event anyedge, L_000001d8e33d42b0;
L_000001d8e33d42b0 .reduce/nor v000001d8e33d3f40_0;
    .scope S_000001d8e33dc790;
T_0 ;
    %pushi/vec4 0, 15, 4;
    %store/vec4 v000001d8e33c8c50_0, 0, 4;
    %end;
    .thread T_0, $init;
    .scope S_000001d8e33dc790;
T_1 ;
    %wait E_000001d8e33cb730;
    %pushi/vec4 0, 15, 4;
    %store/vec4 v000001d8e33c8c50_0, 0, 4;
    %jmp T_1;
    .thread T_1, $push;
    .scope S_000001d8e33dc790;
T_2 ;
    %wait E_000001d8e33cb6b0;
    %load/vec4 v000001d8e33dc920_0;
    %flag_set/vec4 8;
    %jmp/0xz  T_2.0, 8;
    %pushi/vec4 0, 0, 3;
    %store/vec4 v000001d8e33c8bb0_0, 0, 3;
    %pushi/vec4 0, 0, 4;
    %ix/load 4, 0, 0;
    %flag_set/imm 4, 0;
    %store/vec4a v000001d8e33d3ea0, 4, 0;
    %pushi/vec4 0, 0, 4;
    %ix/load 4, 1, 0;
    %flag_set/imm 4, 0;
    %store/vec4a v000001d8e33d3ea0, 4, 0;
    %pushi/vec4 0, 0, 4;
    %ix/load 4, 2, 0;
    %flag_set/imm 4, 0;
    %store/vec4a v000001d8e33d3ea0, 4, 0;
    %pushi/vec4 0, 0, 4;
    %ix/load 4, 3, 0;
    %flag_set/imm 4, 0;
    %store/vec4a v000001d8e33d3ea0, 4, 0;
    %pushi/vec4 0, 0, 4;
    %ix/load 4, 4, 0;
    %flag_set/imm 4, 0;
    %store/vec4a v000001d8e33d3ea0, 4, 0;
    %jmp T_2.1;
T_2.0 ;
    %load/vec4 v000001d8e33a2d00_0;
    %flag_set/vec4 8;
    %jmp/0xz  T_2.2, 8;
    %load/vec4 v000001d8e33a2910_0;
    %dup/vec4;
    %pushi/vec4 0, 0, 2;
    %cmp/u;
    %jmp/1 T_2.4, 6;
    %dup/vec4;
    %pushi/vec4 1, 0, 2;
    %cmp/u;
    %jmp/1 T_2.5, 6;
    %dup/vec4;
    %pushi/vec4 2, 0, 2;
    %cmp/u;
    %jmp/1 T_2.6, 6;
    %dup/vec4;
    %pushi/vec4 3, 0, 2;
    %cmp/u;
    %jmp/1 T_2.7, 6;
    %jmp T_2.8;
T_2.4 ;
    %pushi/vec4 0, 15, 4;
    %store/vec4 v000001d8e33c8c50_0, 0, 4;
    %jmp T_2.8;
T_2.5 ;
    %load/vec4 v000001d8e33cd290_0;
    %load/vec4 v000001d8e33c8bb0_0;
    %pad/u 4;
    %ix/vec4 4;
    %store/vec4a v000001d8e33d3ea0, 4, 0;
    %load/vec4 v000001d8e33c8bb0_0;
    %pad/u 32;
    %addi 1, 0, 32;
    %pushi/vec4 5, 0, 32;
    %mod;
    %pad/u 3;
    %store/vec4 v000001d8e33c8bb0_0, 0, 3;
    %pushi/vec4 0, 15, 4;
    %store/vec4 v000001d8e33c8c50_0, 0, 4;
    %jmp T_2.8;
T_2.6 ;
    %load/vec4 v000001d8e33c8bb0_0;
    %pad/u 32;
    %cmpi/e 4, 0, 32;
    %jmp/0xz  T_2.9, 4;
    %pushi/vec4 3, 0, 3;
    %store/vec4 v000001d8e33c8bb0_0, 0, 3;
    %jmp T_2.10;
T_2.9 ;
    %load/vec4 v000001d8e33c8bb0_0;
    %pad/u 32;
    %addi 4, 0, 32;
    %pushi/vec4 5, 0, 32;
    %mod;
    %pad/u 3;
    %store/vec4 v000001d8e33c8bb0_0, 0, 3;
T_2.10 ;
    %load/vec4 v000001d8e33c8bb0_0;
    %pad/u 4;
    %ix/vec4 4;
    %load/vec4a v000001d8e33d3ea0, 4;
    %store/vec4 v000001d8e33c8c50_0, 0, 4;
    %jmp T_2.8;
T_2.7 ;
    %load/vec4 v000001d8e33c8bb0_0;
    %pad/u 32;
    %cmpi/e 4, 0, 32;
    %jmp/0xz  T_2.11, 4;
    %load/vec4 v000001d8e33c92a0_0;
    %pad/u 32;
    %pushi/vec4 5, 0, 32;
    %mod;
    %cmpi/e 4, 0, 32;
    %jmp/0xz  T_2.13, 4;
    %ix/load 4, 4, 0;
    %flag_set/imm 4, 0;
    %load/vec4a v000001d8e33d3ea0, 4;
    %store/vec4 v000001d8e33c8c50_0, 0, 4;
    %jmp T_2.14;
T_2.13 ;
    %pushi/vec4 3, 0, 32;
    %load/vec4 v000001d8e33c92a0_0;
    %pad/u 32;
    %pushi/vec4 5, 0, 32;
    %mod;
    %sub;
    %pushi/vec4 5, 0, 32;
    %mod;
    %ix/vec4 4;
    %load/vec4a v000001d8e33d3ea0, 4;
    %store/vec4 v000001d8e33c8c50_0, 0, 4;
T_2.14 ;
    %jmp T_2.12;
T_2.11 ;
    %load/vec4 v000001d8e33c8bb0_0;
    %pad/u 32;
    %addi 4, 0, 32;
    %load/vec4 v000001d8e33c92a0_0;
    %pad/u 32;
    %pushi/vec4 5, 0, 32;
    %mod;
    %sub;
    %pushi/vec4 5, 0, 32;
    %mod;
    %ix/vec4 4;
    %load/vec4a v000001d8e33d3ea0, 4;
    %store/vec4 v000001d8e33c8c50_0, 0, 4;
T_2.12 ;
    %jmp T_2.8;
T_2.8 ;
    %pop/vec4 1;
T_2.2 ;
T_2.1 ;
    %jmp T_2;
    .thread T_2, $push;
    .scope S_000001d8e33dc600;
T_3 ;
    %vpi_func 3 19 "$value$plusargs" 32, "TIMES=%d", v000001d8e33d4a30_0 {0 0 0};
    %nor/r;
    %flag_set/vec4 8;
    %jmp/0xz  T_3.0, 8;
    %pushi/vec4 5, 0, 32;
    %store/vec4 v000001d8e33d4a30_0, 0, 32;
T_3.0 ;
    %vpi_func 3 21 "$value$plusargs" 32, "OUTCSV=%s", v000001d8e33d41c0_0 {0 0 0};
    %nor/r;
    %flag_set/vec4 8;
    %jmp/0xz  T_3.2, 8;
    %pushi/str "st_stack_b.csv";
    %store/str v000001d8e33d41c0_0;
T_3.2 ;
    %vpi_call/w 3 23 "$display", "tb -> %s", v000001d8e33d41c0_0 {0 0 0};
    %vpi_call/w 3 24 "$display", "TIMES -> %d", v000001d8e33d4a30_0 {0 0 0};
    %vpi_call/w 3 25 "$display", "T\011O_DATA\011RESET\011CLK\011COMMAND\011INDEX\011I_DATA" {0 0 0};
    %vpi_call/w 3 26 "$monitor", "%2d\011%5b\011%3b\011%6b\011%4b\011%4b\011%5b", $time, v000001d8e33d4850_0, v000001d8e33d4e90_0, v000001d8e33d3f40_0, v000001d8e33d3fe0_0, v000001d8e33d4080_0, v000001d8e33d4120_0 {0 0 0};
    %vpi_func 3 27 "$fopen" 32, v000001d8e33d41c0_0, "w" {0 0 0};
    %store/vec4 v000001d8e33d4cb0_0, 0, 32;
    %vpi_call/w 3 28 "$fdisplay", v000001d8e33d4cb0_0, "T\011O_DATA\011RESET\011CLK\011COMMAND\011INDEX\011I_DATA" {0 0 0};
    %load/vec4 v000001d8e33d4a30_0;
    %cmpi/s 5, 0, 32;
    %flag_mov 8, 5;
    %jmp/0 T_3.4, 8;
    %pushi/vec4 5, 0, 32;
    %jmp/1 T_3.5, 8;
T_3.4 ; End of true expr.
    %load/vec4 v000001d8e33d4a30_0;
    %jmp/0 T_3.5, 8;
 ; End of false expr.
    %blend;
T_3.5;
    %store/vec4 v000001d8e33d4670_0, 0, 32;
    %end;
    .thread T_3;
    .scope S_000001d8e33dc600;
T_4 ;
    %delay 1, 0;
    %load/vec4 v000001d8e33d3f40_0;
    %inv;
    %store/vec4 v000001d8e33d3f40_0, 0, 1;
    %jmp T_4;
    .thread T_4;
    .scope S_000001d8e33dc600;
T_5 ;
    %pushi/vec4 0, 0, 1;
    %store/vec4 v000001d8e33d3f40_0, 0, 1;
    %pushi/vec4 0, 0, 2;
    %store/vec4 v000001d8e33d3fe0_0, 0, 2;
    %pushi/vec4 1, 0, 1;
    %store/vec4 v000001d8e33d4e90_0, 0, 1;
    %pushi/vec4 0, 0, 3;
    %store/vec4 v000001d8e33d4080_0, 0, 3;
    %delay 2, 0;
    %pushi/vec4 0, 0, 1;
    %store/vec4 v000001d8e33d4e90_0, 0, 1;
    %pushi/vec4 0, 0, 32;
    %store/vec4 v000001d8e33d43f0_0, 0, 32;
T_5.0 ;
    %load/vec4 v000001d8e33d43f0_0;
    %load/vec4 v000001d8e33d4a30_0;
    %cmp/s;
    %jmp/0xz T_5.1, 5;
    %delay 2, 0;
    %pushi/vec4 1, 0, 2;
    %store/vec4 v000001d8e33d3fe0_0, 0, 2;
    %delay 0, 0;
    %load/vec4 v000001d8e33d43f0_0;
    %addi 1, 0, 32;
    %pad/s 4;
    %store/vec4 v000001d8e33d4120_0, 0, 4;
    ; show_stmt_assign_vector: Get l-value for compressed += operand
    %load/vec4 v000001d8e33d43f0_0;
    %pushi/vec4 1, 0, 32;
    %add;
    %store/vec4 v000001d8e33d43f0_0, 0, 32;
    %jmp T_5.0;
T_5.1 ;
    %delay 2, 0;
    %pushi/vec4 0, 0, 2;
    %store/vec4 v000001d8e33d3fe0_0, 0, 2;
    %delay 2, 0;
    %pushi/vec4 0, 15, 4;
    %store/vec4 v000001d8e33d4120_0, 0, 4;
    %pushi/vec4 0, 0, 32;
    %store/vec4 v000001d8e33d43f0_0, 0, 32;
T_5.2 ;
    %load/vec4 v000001d8e33d43f0_0;
    %load/vec4 v000001d8e33d4670_0;
    %cmp/s;
    %jmp/0xz T_5.3, 5;
    %delay 2, 0;
    %pushi/vec4 3, 0, 2;
    %store/vec4 v000001d8e33d3fe0_0, 0, 2;
    %load/vec4 v000001d8e33d43f0_0;
    %pad/s 3;
    %store/vec4 v000001d8e33d4080_0, 0, 3;
    ; show_stmt_assign_vector: Get l-value for compressed += operand
    %load/vec4 v000001d8e33d43f0_0;
    %pushi/vec4 1, 0, 32;
    %add;
    %store/vec4 v000001d8e33d43f0_0, 0, 32;
    %jmp T_5.2;
T_5.3 ;
    %delay 2, 0;
    %pushi/vec4 0, 15, 4;
    %store/vec4 v000001d8e33d4120_0, 0, 4;
    %pushi/vec4 0, 0, 2;
    %store/vec4 v000001d8e33d3fe0_0, 0, 2;
    %pushi/vec4 0, 0, 32;
    %store/vec4 v000001d8e33d43f0_0, 0, 32;
T_5.4 ;
    %load/vec4 v000001d8e33d43f0_0;
    %load/vec4 v000001d8e33d4a30_0;
    %cmp/s;
    %jmp/0xz T_5.5, 5;
    %delay 2, 0;
    %pushi/vec4 2, 0, 2;
    %store/vec4 v000001d8e33d3fe0_0, 0, 2;
    %delay 2, 0;
    %pushi/vec4 3, 0, 2;
    %store/vec4 v000001d8e33d3fe0_0, 0, 2;
    %load/vec4 v000001d8e33d43f0_0;
    %pad/s 3;
    %store/vec4 v000001d8e33d4080_0, 0, 3;
    ; show_stmt_assign_vector: Get l-value for compressed += operand
    %load/vec4 v000001d8e33d43f0_0;
    %pushi/vec4 1, 0, 32;
    %add;
    %store/vec4 v000001d8e33d43f0_0, 0, 32;
    %jmp T_5.4;
T_5.5 ;
    %delay 2, 0;
    %pushi/vec4 0, 0, 2;
    %store/vec4 v000001d8e33d3fe0_0, 0, 2;
    %pushi/vec4 1, 0, 1;
    %store/vec4 v000001d8e33d4e90_0, 0, 1;
    %delay 2, 0;
    %pushi/vec4 0, 0, 1;
    %store/vec4 v000001d8e33d4e90_0, 0, 1;
    %delay 2, 0;
    %pushi/vec4 0, 15, 4;
    %store/vec4 v000001d8e33d4120_0, 0, 4;
    %pushi/vec4 0, 0, 2;
    %store/vec4 v000001d8e33d3fe0_0, 0, 2;
    %pushi/vec4 0, 0, 32;
    %store/vec4 v000001d8e33d43f0_0, 0, 32;
T_5.6 ;
    %load/vec4 v000001d8e33d43f0_0;
    %load/vec4 v000001d8e33d4a30_0;
    %cmp/s;
    %jmp/0xz T_5.7, 5;
    %delay 2, 0;
    %pushi/vec4 2, 0, 2;
    %store/vec4 v000001d8e33d3fe0_0, 0, 2;
    ; show_stmt_assign_vector: Get l-value for compressed += operand
    %load/vec4 v000001d8e33d43f0_0;
    %pushi/vec4 1, 0, 32;
    %add;
    %store/vec4 v000001d8e33d43f0_0, 0, 32;
    %jmp T_5.6;
T_5.7 ;
    %vpi_call/w 3 57 "$fclose", v000001d8e33d4cb0_0 {0 0 0};
    %vpi_call/w 3 58 "$finish" {0 0 0};
    %end;
    .thread T_5;
    .scope S_000001d8e33dc600;
T_6 ;
    %wait E_000001d8e33cbf30;
    %vpi_call/w 3 62 "$fstrobe", v000001d8e33d4cb0_0, "%d\011%b\011%b\011%b\011%b\011%b\011%b", $time, v000001d8e33d4850_0, v000001d8e33d4e90_0, v000001d8e33d3f40_0, v000001d8e33d3fe0_0, v000001d8e33d4080_0, v000001d8e33d4120_0 {0 0 0};
    %jmp T_6;
    .thread T_6, $push;
# The file index is used to find the file name in the following table.
:file_names 5;
    "N/A";
    "<interactive>";
    "-";
    "stack_behaviour_normal_tb.sv";
    "./stack_behaviour.sv";
